app/build/outputs/logs/manifest-merger-debug-report.txt
-- Merging decision tree log ---
manifest
ADDED from src\main\AndroidManifest.xml:2:1-128:12
	package
		ADDED from src\main\AndroidManifest.xml:3:5-31
		INJECTED from src\main\AndroidManifest.xml
		INJECTED from src\main\AndroidManifest.xml
	android:versionName
		ADDED from src\main\AndroidManifest.xml:5:5-30
	android:versionCode
		ADDED from src\main\AndroidManifest.xml:4:5-28
		INJECTED from src\main\AndroidManifest.xml
		INJECTED from src\main\AndroidManifest.xml
	xmlns:android
		ADDED from src\main\AndroidManifest.xml:2:11-69
uses-sdk
ADDED from src\main\AndroidManifest.xml:7:5-9:41
	android:targetSdkVersion
		ADDED from src\main\AndroidManifest.xml:9:9-38
		INJECTED from src\main\AndroidManifest.xml
		INJECTED from src\main\AndroidManifest.xml
	android:minSdkVersion
		ADDED from src\main\AndroidManifest.xml:8:9-35
		INJECTED from src\main\AndroidManifest.xml
		INJECTED from src\main\AndroidManifest.xml
uses-permission#android.permission.INTERNET
ADDED from src\main\AndroidManifest.xml:11:5-67
	android:name
		ADDED from src\main\AndroidManifest.xml:11:22-64
uses-permission#android.permission.ACCESS_NETWORK_STATE
ADDED from src\main\AndroidManifest.xml:12:5-79
	android:name
		ADDED from src\main\AndroidManifest.xml:12:22-76
application
ADDED from src\main\AndroidManifest.xml:14:5-126:19
	android:label
		ADDED from src\main\AndroidManifest.xml:17:9-41
	android:allowBackup
		ADDED from src\main\AndroidManifest.xml:15:9-35
	android:icon
		ADDED from src\main\AndroidManifest.xml:16:9-45
	android:theme
		ADDED from src\main\AndroidManifest.xml:18:9-49
activity#edu.uta.mavbuddy.login.HomeScreen
ADDED from src\main\AndroidManifest.xml:19:9-28:20
	android:screenOrientation
		ADDED from src\main\AndroidManifest.xml:22:13-49
	android:label
		ADDED from src\main\AndroidManifest.xml:21:13-45
	android:name
		ADDED from src\main\AndroidManifest.xml:20:13-61
intent-filter#android.intent.action.MAIN+android.intent.category.LAUNCHER
ADDED from src\main\AndroidManifest.xml:23:13-27:29
action#android.intent.action.MAIN
ADDED from src\main\AndroidManifest.xml:24:17-69
	android:name
		ADDED from src\main\AndroidManifest.xml:24:25-66
category#android.intent.category.LAUNCHER
ADDED from src\main\AndroidManifest.xml:26:17-77
	android:name
		ADDED from src\main\AndroidManifest.xml:26:27-74
activity#edu.uta.mavbuddy.login.UserHomePage
ADDED from src\main\AndroidManifest.xml:29:9-33:20
	android:screenOrientation
		ADDED from src\main\AndroidManifest.xml:32:13-49
	android:label
		ADDED from src\main\AndroidManifest.xml:31:13-66
	android:name
		ADDED from src\main\AndroidManifest.xml:30:13-63
activity#edu.uta.mavbuddy.login.Register
ADDED from src\main\AndroidManifest.xml:34:9-38:20
	android:screenOrientation
		ADDED from src\main\AndroidManifest.xml:37:13-49
	android:label
		ADDED from src\main\AndroidManifest.xml:36:13-60
	android:name
		ADDED from src\main\AndroidManifest.xml:35:13-59
activity#edu.uta.mavbuddy.login.RegisterSuccess
ADDED from src\main\AndroidManifest.xml:39:9-43:20
	android:screenOrientation
		ADDED from src\main\AndroidManifest.xml:42:13-49
	android:label
		ADDED from src\main\AndroidManifest.xml:41:13-68
	android:name
		ADDED from src\main\AndroidManifest.xml:40:13-66
activity#edu.uta.mavbuddy.housing.AddHousePost
ADDED from src\main\AndroidManifest.xml:44:9-48:20
	android:screenOrientation
		ADDED from src\main\AndroidManifest.xml:47:13-49
	android:label
		ADDED from src\main\AndroidManifest.xml:46:13-66
	android:name
		ADDED from src\main\AndroidManifest.xml:45:13-65
activity#edu.uta.mavbuddy.Tab1
ADDED from src\main\AndroidManifest.xml:49:9-53:20
	android:screenOrientation
		ADDED from src\main\AndroidManifest.xml:52:13-49
	android:label
		ADDED from src\main\AndroidManifest.xml:51:13-56
	android:name
		ADDED from src\main\AndroidManifest.xml:50:13-49
activity#edu.uta.mavbuddy.housing.HousingTab
ADDED from src\main\AndroidManifest.xml:54:9-58:20
	android:screenOrientation
		ADDED from src\main\AndroidManifest.xml:57:13-49
	android:label
		ADDED from src\main\AndroidManifest.xml:56:13-63
	android:name
		ADDED from src\main\AndroidManifest.xml:55:13-63
activity#edu.uta.mavbuddy.rides.RidesTab
ADDED from src\main\AndroidManifest.xml:59:9-63:20
	android:screenOrientation
		ADDED from src\main\AndroidManifest.xml:62:13-49
	android:label
		ADDED from src\main\AndroidManifest.xml:61:13-61
	android:name
		ADDED from src\main\AndroidManifest.xml:60:13-59
activity#edu.uta.mavbuddy.event.EventTab
ADDED from src\main\AndroidManifest.xml:64:9-68:20
	android:screenOrientation
		ADDED from src\main\AndroidManifest.xml:67:13-49
	android:label
		ADDED from src\main\AndroidManifest.xml:66:13-61
	android:name
		ADDED from src\main\AndroidManifest.xml:65:13-59
activity#edu.uta.mavbuddy.MyPostActivity
ADDED from src\main\AndroidManifest.xml:69:9-73:20
	android:screenOrientation
		ADDED from src\main\AndroidManifest.xml:72:13-49
	android:label
		ADDED from src\main\AndroidManifest.xml:71:13-59
	android:name
		ADDED from src\main\AndroidManifest.xml:70:13-59
activity#edu.uta.mavbuddy.Activity_view_housing_post
ADDED from src\main\AndroidManifest.xml:74:9-78:20
	android:screenOrientation
		ADDED from src\main\AndroidManifest.xml:77:13-49
	android:label
		ADDED from src\main\AndroidManifest.xml:76:13-78
	android:name
		ADDED from src\main\AndroidManifest.xml:75:13-71
activity#edu.uta.mavbuddy.housing.View_housing_post
ADDED from src\main\AndroidManifest.xml:79:9-83:20
	android:screenOrientation
		ADDED from src\main\AndroidManifest.xml:82:13-49
	android:label
		ADDED from src\main\AndroidManifest.xml:81:13-69
	android:name
		ADDED from src\main\AndroidManifest.xml:80:13-70
activity#edu.uta.mavbuddy.rides.View_ride_post
ADDED from src\main\AndroidManifest.xml:84:9-88:20
	android:screenOrientation
		ADDED from src\main\AndroidManifest.xml:87:13-49
	android:label
		ADDED from src\main\AndroidManifest.xml:86:13-66
	android:name
		ADDED from src\main\AndroidManifest.xml:85:13-65
activity#edu.uta.mavbuddy.event.View_event_post
ADDED from src\main\AndroidManifest.xml:89:9-93:20
	android:screenOrientation
		ADDED from src\main\AndroidManifest.xml:92:13-49
	android:label
		ADDED from src\main\AndroidManifest.xml:91:13-67
	android:name
		ADDED from src\main\AndroidManifest.xml:90:13-66
activity#edu.uta.mavbuddy.housing.ViewHousingMyPostActivity
ADDED from src\main\AndroidManifest.xml:94:9-97:20
	android:label
		ADDED from src\main\AndroidManifest.xml:96:13-72
	android:name
		ADDED from src\main\AndroidManifest.xml:95:13-78
activity#edu.uta.mavbuddy.rides.ViewRidesMyPostActivity
ADDED from src\main\AndroidManifest.xml:98:9-101:20
	android:label
		ADDED from src\main\AndroidManifest.xml:100:13-70
	android:name
		ADDED from src\main\AndroidManifest.xml:99:13-74
activity#edu.uta.mavbuddy.event.ViewEventMyPostActivity
ADDED from src\main\AndroidManifest.xml:102:9-105:20
	android:label
		ADDED from src\main\AndroidManifest.xml:104:13-70
	android:name
		ADDED from src\main\AndroidManifest.xml:103:13-74
activity#edu.uta.mavbuddy.housing.EditHousingMyPost
ADDED from src\main\AndroidManifest.xml:106:9-109:20
	android:label
		ADDED from src\main\AndroidManifest.xml:108:13-72
	android:name
		ADDED from src\main\AndroidManifest.xml:107:12-69
activity#edu.uta.mavbuddy.rides.EditRidesMyPost
ADDED from src\main\AndroidManifest.xml:110:9-113:20
	android:label
		ADDED from src\main\AndroidManifest.xml:112:13-70
	android:name
		ADDED from src\main\AndroidManifest.xml:111:13-66
activity#edu.uta.mavbuddy.event.EditEventsMyPost
ADDED from src\main\AndroidManifest.xml:114:9-117:20
	android:label
		ADDED from src\main\AndroidManifest.xml:116:13-71
	android:name
		ADDED from src\main\AndroidManifest.xml:115:13-67
activity#edu.uta.mavbuddy.login.ResetPassword
ADDED from src\main\AndroidManifest.xml:118:9-121:20
	android:label
		ADDED from src\main\AndroidManifest.xml:120:13-66
	android:name
		ADDED from src\main\AndroidManifest.xml:119:13-64
activity#edu.uta.mavbuddy.login.ChangePassword
ADDED from src\main\AndroidManifest.xml:122:9-125:20
	android:label
		ADDED from src\main\AndroidManifest.xml:124:13-67
	android:name
		ADDED from src\main\AndroidManifest.xml:123:13-65